Performing C SOURCE FILE Test CMAKE_HAVE_LIBC_PTHREAD failed with the following output:
Change Dir: /home/fbsh/new/hw3/build/CMakeFiles/CMakeTmp

Run Build Command(s):/usr/bin/make cmTC_b5351/fast && make[1]: Entering directory '/home/fbsh/new/hw3/build/CMakeFiles/CMakeTmp'
/usr/bin/make -f CMakeFiles/cmTC_b5351.dir/build.make CMakeFiles/cmTC_b5351.dir/build
make[2]: Entering directory '/home/fbsh/new/hw3/build/CMakeFiles/CMakeTmp'
Building C object CMakeFiles/cmTC_b5351.dir/src.c.o
/usr/bin/cc   -fPIC -DCMAKE_HAVE_LIBC_PTHREAD   -o CMakeFiles/cmTC_b5351.dir/src.c.o   -c /home/fbsh/new/hw3/build/CMakeFiles/CMakeTmp/src.c
Linking C executable cmTC_b5351
/usr/bin/cmake -E cmake_link_script CMakeFiles/cmTC_b5351.dir/link.txt --verbose=1
/usr/bin/cc -fPIC -DCMAKE_HAVE_LIBC_PTHREAD    -rdynamic CMakeFiles/cmTC_b5351.dir/src.c.o  -o cmTC_b5351 
/usr/bin/ld: CMakeFiles/cmTC_b5351.dir/src.c.o: in function `main':
src.c:(.text+0x3e): undefined reference to `pthread_create'
/usr/bin/ld: src.c:(.text+0x4a): undefined reference to `pthread_detach'
/usr/bin/ld: src.c:(.text+0x5b): undefined reference to `pthread_join'
collect2: error: ld returned 1 exit status
make[2]: *** [CMakeFiles/cmTC_b5351.dir/build.make:87: cmTC_b5351] Error 1
make[2]: Leaving directory '/home/fbsh/new/hw3/build/CMakeFiles/CMakeTmp'
make[1]: *** [Makefile:121: cmTC_b5351/fast] Error 2
make[1]: Leaving directory '/home/fbsh/new/hw3/build/CMakeFiles/CMakeTmp'


Source file was:
#include <pthread.h>

void* test_func(void* data)
{
  return data;
}

int main(void)
{
  pthread_t thread;
  pthread_create(&thread, NULL, test_func, NULL);
  pthread_detach(thread);
  pthread_join(thread, NULL);
  pthread_atfork(NULL, NULL, NULL);
  pthread_exit(NULL);

  return 0;
}

Determining if the function pthread_create exists in the pthreads failed with the following output:
Change Dir: /home/fbsh/new/hw3/build/CMakeFiles/CMakeTmp

Run Build Command(s):/usr/bin/make cmTC_04d84/fast && make[1]: Entering directory '/home/fbsh/new/hw3/build/CMakeFiles/CMakeTmp'
/usr/bin/make -f CMakeFiles/cmTC_04d84.dir/build.make CMakeFiles/cmTC_04d84.dir/build
make[2]: Entering directory '/home/fbsh/new/hw3/build/CMakeFiles/CMakeTmp'
Building C object CMakeFiles/cmTC_04d84.dir/CheckFunctionExists.c.o
/usr/bin/cc   -fPIC -DCHECK_FUNCTION_EXISTS=pthread_create   -o CMakeFiles/cmTC_04d84.dir/CheckFunctionExists.c.o   -c /usr/share/cmake-3.16/Modules/CheckFunctionExists.c
Linking C executable cmTC_04d84
/usr/bin/cmake -E cmake_link_script CMakeFiles/cmTC_04d84.dir/link.txt --verbose=1
/usr/bin/cc -fPIC -DCHECK_FUNCTION_EXISTS=pthread_create    -rdynamic CMakeFiles/cmTC_04d84.dir/CheckFunctionExists.c.o  -o cmTC_04d84  -lpthreads 
/usr/bin/ld: cannot find -lpthreads
collect2: error: ld returned 1 exit status
make[2]: *** [CMakeFiles/cmTC_04d84.dir/build.make:87: cmTC_04d84] Error 1
make[2]: Leaving directory '/home/fbsh/new/hw3/build/CMakeFiles/CMakeTmp'
make[1]: *** [Makefile:121: cmTC_04d84/fast] Error 2
make[1]: Leaving directory '/home/fbsh/new/hw3/build/CMakeFiles/CMakeTmp'



