Performing C SOURCE FILE Test CMAKE_HAVE_LIBC_PTHREAD failed with the following output:
Change Dir: /home/fbsh/new/hw4/build/CMakeFiles/CMakeTmp

Run Build Command(s):/usr/bin/make cmTC_c415e/fast && make[1]: Entering directory '/home/fbsh/new/hw4/build/CMakeFiles/CMakeTmp'
/usr/bin/make -f CMakeFiles/cmTC_c415e.dir/build.make CMakeFiles/cmTC_c415e.dir/build
make[2]: Entering directory '/home/fbsh/new/hw4/build/CMakeFiles/CMakeTmp'
Building C object CMakeFiles/cmTC_c415e.dir/src.c.o
/usr/bin/cc   -fPIC -DCMAKE_HAVE_LIBC_PTHREAD   -o CMakeFiles/cmTC_c415e.dir/src.c.o   -c /home/fbsh/new/hw4/build/CMakeFiles/CMakeTmp/src.c
Linking C executable cmTC_c415e
/usr/bin/cmake -E cmake_link_script CMakeFiles/cmTC_c415e.dir/link.txt --verbose=1
/usr/bin/cc -fPIC -DCMAKE_HAVE_LIBC_PTHREAD    -rdynamic CMakeFiles/cmTC_c415e.dir/src.c.o  -o cmTC_c415e 
/usr/bin/ld: CMakeFiles/cmTC_c415e.dir/src.c.o: in function `main':
src.c:(.text+0x3e): undefined reference to `pthread_create'
/usr/bin/ld: src.c:(.text+0x4a): undefined reference to `pthread_detach'
/usr/bin/ld: src.c:(.text+0x5b): undefined reference to `pthread_join'
collect2: error: ld returned 1 exit status
make[2]: *** [CMakeFiles/cmTC_c415e.dir/build.make:87: cmTC_c415e] Error 1
make[2]: Leaving directory '/home/fbsh/new/hw4/build/CMakeFiles/CMakeTmp'
make[1]: *** [Makefile:121: cmTC_c415e/fast] Error 2
make[1]: Leaving directory '/home/fbsh/new/hw4/build/CMakeFiles/CMakeTmp'


Source file was:
#include <pthread.h>

void* test_func(void* data)
{
  return data;
}

int main(void)
{
  pthread_t thread;
  pthread_create(&thread, NULL, test_func, NULL);
  pthread_detach(thread);
  pthread_join(thread, NULL);
  pthread_atfork(NULL, NULL, NULL);
  pthread_exit(NULL);

  return 0;
}

Determining if the function pthread_create exists in the pthreads failed with the following output:
Change Dir: /home/fbsh/new/hw4/build/CMakeFiles/CMakeTmp

Run Build Command(s):/usr/bin/make cmTC_98df5/fast && make[1]: Entering directory '/home/fbsh/new/hw4/build/CMakeFiles/CMakeTmp'
/usr/bin/make -f CMakeFiles/cmTC_98df5.dir/build.make CMakeFiles/cmTC_98df5.dir/build
make[2]: Entering directory '/home/fbsh/new/hw4/build/CMakeFiles/CMakeTmp'
Building C object CMakeFiles/cmTC_98df5.dir/CheckFunctionExists.c.o
/usr/bin/cc   -fPIC -DCHECK_FUNCTION_EXISTS=pthread_create   -o CMakeFiles/cmTC_98df5.dir/CheckFunctionExists.c.o   -c /usr/share/cmake-3.16/Modules/CheckFunctionExists.c
Linking C executable cmTC_98df5
/usr/bin/cmake -E cmake_link_script CMakeFiles/cmTC_98df5.dir/link.txt --verbose=1
/usr/bin/cc -fPIC -DCHECK_FUNCTION_EXISTS=pthread_create    -rdynamic CMakeFiles/cmTC_98df5.dir/CheckFunctionExists.c.o  -o cmTC_98df5  -lpthreads 
/usr/bin/ld: cannot find -lpthreads
collect2: error: ld returned 1 exit status
make[2]: *** [CMakeFiles/cmTC_98df5.dir/build.make:87: cmTC_98df5] Error 1
make[2]: Leaving directory '/home/fbsh/new/hw4/build/CMakeFiles/CMakeTmp'
make[1]: *** [Makefile:121: cmTC_98df5/fast] Error 2
make[1]: Leaving directory '/home/fbsh/new/hw4/build/CMakeFiles/CMakeTmp'



Performing C SOURCE FILE Test CMAKE_HAVE_LIBC_PTHREAD failed with the following output:
Change Dir: /home/fbsh/new/hw4/build/CMakeFiles/CMakeTmp

Run Build Command(s):/usr/bin/ninja cmTC_71ac4 && [1/2] Building C object CMakeFiles/cmTC_71ac4.dir/src.c.o
[2/2] Linking C executable cmTC_71ac4
FAILED: cmTC_71ac4 
: && /usr/bin/gcc -fPIC -DCMAKE_HAVE_LIBC_PTHREAD  -rdynamic CMakeFiles/cmTC_71ac4.dir/src.c.o  -o cmTC_71ac4   && :
/usr/bin/ld: CMakeFiles/cmTC_71ac4.dir/src.c.o: in function `main':
src.c:(.text+0x3e): undefined reference to `pthread_create'
/usr/bin/ld: src.c:(.text+0x4a): undefined reference to `pthread_detach'
/usr/bin/ld: src.c:(.text+0x5b): undefined reference to `pthread_join'
collect2: error: ld returned 1 exit status
ninja: build stopped: subcommand failed.


Source file was:
#include <pthread.h>

void* test_func(void* data)
{
  return data;
}

int main(void)
{
  pthread_t thread;
  pthread_create(&thread, NULL, test_func, NULL);
  pthread_detach(thread);
  pthread_join(thread, NULL);
  pthread_atfork(NULL, NULL, NULL);
  pthread_exit(NULL);

  return 0;
}

Determining if the function pthread_create exists in the pthreads failed with the following output:
Change Dir: /home/fbsh/new/hw4/build/CMakeFiles/CMakeTmp

Run Build Command(s):/usr/bin/ninja cmTC_56ce4 && [1/2] Building C object CMakeFiles/cmTC_56ce4.dir/CheckFunctionExists.c.o
[2/2] Linking C executable cmTC_56ce4
FAILED: cmTC_56ce4 
: && /usr/bin/gcc -fPIC -DCHECK_FUNCTION_EXISTS=pthread_create  -rdynamic CMakeFiles/cmTC_56ce4.dir/CheckFunctionExists.c.o  -o cmTC_56ce4  -lpthreads && :
/usr/bin/ld: cannot find -lpthreads
collect2: error: ld returned 1 exit status
ninja: build stopped: subcommand failed.



